<?xml version="1.0" encoding="UTF-8"?>
<!-- Generated by org.testng.reporters.JUnitReportReporter -->
<testsuite skipped="0" hostname="VD-MDU-MMA12" name="TestCases.HomePage_TestCases" tests="4" failures="0" timestamp="2019-12-23T18:27:50 IST" time="17.787" errors="0">
  <testcase name="ClickInteractions_Verify" time="1.312" classname="TestCases.HomePage_TestCases"/>
  <testcase name="ClickWidgets_Verify" time="0.816" classname="TestCases.HomePage_TestCases"/>
  <testcase name="ClickTooltip_Verify" time="3.698" classname="TestCases.HomePage_TestCases"/>
  <testcase name="ClickHome_Verify" time="11.961" classname="TestCases.HomePage_TestCases"/>
</testsuite> <!-- TestCases.HomePage_TestCases -->
