<?xml version="1.0" encoding="UTF-8"?>
<!-- Generated by org.testng.reporters.JUnitReportReporter -->
<testsuite skipped="0" hostname="VD-MDU-MMA12" name="TestCases.WidgetPage_TestCases" tests="2" failures="0" timestamp="2019-12-23T18:27:50 IST" time="32.019" errors="0">
  <testcase name="ClickAccordion_Verify" time="19.707" classname="TestCases.WidgetPage_TestCases"/>
  <testcase name="ClickAutocomplete_Verify" time="12.312" classname="TestCases.WidgetPage_TestCases"/>
</testsuite> <!-- TestCases.WidgetPage_TestCases -->
